[2015.11.20-00.07.36:539][  0]Log file open, 11/19/15 22:07:36
[2015.11.20-00.07.36:539][  0]LogInit:Display: Running engine for game: blocagemv2
[2015.11.20-00.07.36:539][  0]LogInit:Display: RandInit(-1885674483) SRandInit(-1885674482).
[2015.11.20-00.07.36:539][  0]LogTaskGraph: Started task graph with 4 named threads and 5 total threads.
[2015.11.20-00.07.36:539][  0]LogStats: Stats thread started at 0.673982
[2015.11.20-00.07.36:539][  0]LogInit: Version: 4.9.2-2707645+++depot+UE4-Releases+4.9
[2015.11.20-00.07.36:539][  0]LogInit: API Version: 2672455
[2015.11.20-00.07.36:539][  0]LogInit: Compiled (64-bit): Sep 28 2015 10:25:44
[2015.11.20-00.07.36:539][  0]LogInit: Compiled with Visual C++: 18.00.21005.01
[2015.11.20-00.07.36:539][  0]LogInit: Build Configuration: Development
[2015.11.20-00.07.36:539][  0]LogInit: Branch Name: ++depot+UE4-Releases+4.9
[2015.11.20-00.07.36:539][  0]LogInit: Command line: 
[2015.11.20-00.07.36:539][  0]LogInit: Base directory: C:/Program Files/Epic Games/4.9/Engine/Binaries/Win64/
[2015.11.20-00.07.36:539][  0]LogInit: Rocket: 1
[2015.11.20-00.07.36:555][  0]LogInit: Using libcurl 7.41.0
[2015.11.20-00.07.36:555][  0]LogInit:  - built for x86_64-pc-win32
[2015.11.20-00.07.36:555][  0]LogInit:  - supports SSL with WinSSL
[2015.11.20-00.07.36:555][  0]LogInit:  - other features:
[2015.11.20-00.07.36:555][  0]LogInit:      CURL_VERSION_SSL
[2015.11.20-00.07.36:555][  0]LogInit:      CURL_VERSION_IPV6
[2015.11.20-00.07.36:555][  0]LogInit:      CURL_VERSION_ASYNCHDNS
[2015.11.20-00.07.36:555][  0]LogInit:      CURL_VERSION_LARGEFILE
[2015.11.20-00.07.36:555][  0]LogInit:      CURL_VERSION_IDN
[2015.11.20-00.07.36:555][  0]LogInit:  CurlRequestOptions (configurable via config and command line):
[2015.11.20-00.07.36:555][  0]LogInit:  - bVerifyPeer = true  - Libcurl will verify peer certificate
[2015.11.20-00.07.36:555][  0]LogInit:  - bUseHttpProxy = false  - Libcurl will NOT use HTTP proxy
[2015.11.20-00.07.36:555][  0]LogInit:  - bDontReuseConnections = false  - Libcurl will reuse connections
[2015.11.20-00.07.36:556][  0]LogInit:  - CertBundlePath = nullptr  - Libcurl will use whatever was configured at build time.
[2015.11.20-00.07.36:597][  0]LogInit: Presizing for 0 objects not considered by GC, pre-allocating 0 bytes.
[2015.11.20-00.07.36:607][  0]LogInit: Object subsystem initialized
[2015.11.20-00.07.36:609][  0]LogInit: Selected Device Profile: [Windows]
[2015.11.20-00.07.36:609][  0]LogInit: Applying CVar settings loaded from the selected device profile: [Windows]
[2015.11.20-00.07.36:772][  0]LogInit: Computer: RANDOPC
[2015.11.20-00.07.36:772][  0]LogInit: User: Felipe
[2015.11.20-00.07.36:772][  0]LogInit: CPU Page size=4096, Cores=2
[2015.11.20-00.07.36:772][  0]LogInit: High frequency timer resolution =3.727677 MHz
[2015.11.20-00.07.36:772][  0]LogMemory: Memory total: Physical=4.0GB (4GB approx)
[2015.11.20-00.07.36:772][  0]LogMemory: Platform Memory Stats for Windows
[2015.11.20-00.07.36:772][  0]LogMemory: Process Physical Memory: 51.80 MB used, 51.80 MB peak
[2015.11.20-00.07.36:772][  0]LogMemory: Process Virtual Memory: 56.86 MB used, 56.86 MB peak
[2015.11.20-00.07.36:772][  0]LogMemory: Physical Memory: 3562.69 MB used, 4078.12 MB total
[2015.11.20-00.07.36:772][  0]LogMemory: Virtual Memory: 356.07 MB used, 134217728.00 MB total
[2015.11.20-00.07.37:310][  0]LogTextLocalizationManager: No specific translations for ('en-US') exist, so ('en') translations will be used.
[2015.11.20-00.07.39:232][  0]LogD3D11RHI: Found D3D11 adapter 0: NVIDIA GeForce GTX 650 (Feature Level 11_0)
[2015.11.20-00.07.39:232][  0]LogD3D11RHI: Adapter has 1986MB of dedicated video memory, 0MB of dedicated system memory, and 2039MB of shared system memory, 1 output[s]
[2015.11.20-00.07.39:292][  0]LogD3D11RHI: Found D3D11 adapter 1: Microsoft Basic Render Driver (Feature Level 11_0)
[2015.11.20-00.07.39:292][  0]LogD3D11RHI: Adapter has 0MB of dedicated video memory, 0MB of dedicated system memory, and 256MB of shared system memory, 0 output[s]
[2015.11.20-00.07.39:292][  0]LogD3D11RHI: Chosen D3D11 Adapter Id = 0
[2015.11.20-00.07.39:346][  0]LogD3D11RHI: !Direct3DDevice
[2015.11.20-00.07.39:355][  0]LogRHI: Texture pool is 1361 MB (70% of 1945 MB)
[2015.11.20-00.07.39:394][  0]LogD3D11RHI: Async texture creation enabled
[2015.11.20-00.07.39:874][  0]LogShaderCompilers: Guid format shader working directory is 15 characters bigger than the processId version (../../../../../../Users/Felipe/Documents/Unreal Projects/blocagemv2/Intermediate/Shaders/WorkingDirectory/6216/).
[2015.11.20-00.07.39:930][  0]LogShaderCompilers: Cleaned the shader compiler working directory '../../../../../../Users/Felipe/Documents/Unreal Projects/blocagemv2/Intermediate/Shaders/tmp/CC6A54E24D72006CB8C1BCA048DB3930/'.
[2015.11.20-00.07.39:930][  0]LogShaderCompilers:Display: Using Local Shader Compiler.
[2015.11.20-00.08.03:275][  0]LogTemp:Display: Loaded TP AllDesktopTargetPlatform
[2015.11.20-00.08.03:375][  0]LogTemp:Display: Loaded TP WindowsClientTargetPlatform
[2015.11.20-00.08.03:421][  0]LogTemp:Display: Loaded TP WindowsNoEditorTargetPlatform
[2015.11.20-00.08.03:459][  0]LogTemp:Display: Loaded TP WindowsServerTargetPlatform
[2015.11.20-00.08.03:480][  0]LogTemp:Display: Loaded TP WindowsTargetPlatform
[2015.11.20-00.08.03:509][  0]LogTemp:Display: Loaded TP AndroidTargetPlatform
[2015.11.20-00.08.03:543][  0]LogTemp:Display: Loaded TP Android_ASTCTargetPlatform
[2015.11.20-00.08.03:590][  0]LogTemp:Display: Loaded TP Android_ATCTargetPlatform
[2015.11.20-00.08.03:632][  0]LogTemp:Display: Loaded TP Android_DXTTargetPlatform
[2015.11.20-00.08.03:681][  0]LogTemp:Display: Loaded TP Android_ETC1TargetPlatform
[2015.11.20-00.08.03:702][  0]LogTemp:Display: Loaded TP Android_ETC2TargetPlatform
[2015.11.20-00.08.03:718][  0]LogTemp:Display: Loaded TP Android_PVRTCTargetPlatform
[2015.11.20-00.08.03:742][  0]LogTemp:Display: Loaded TP HTML5TargetPlatform
[2015.11.20-00.08.03:845][  0]LogTemp:Display: Loaded TP IOSTargetPlatform
[2015.11.20-00.08.03:889][  0]LogTemp:Display: Loaded TP LinuxNoEditorTargetPlatform
[2015.11.20-00.08.03:934][  0]LogTemp:Display: Loaded TP LinuxServerTargetPlatform
[2015.11.20-00.08.03:960][  0]LogTemp:Display: Loaded TP LinuxTargetPlatform
[2015.11.20-00.08.03:960][  0]LogTargetPlatformManager:Display: Building Assets For Windows
[2015.11.20-00.08.05:550][  0]LogDerivedDataCache:Display: Max Cache Size: 512 MB
[2015.11.20-00.08.08:459][  0]LogDerivedDataCache: Loaded boot cache 2.88s 41MB C:/Users/Felipe/AppData/Local/UnrealEngine/4.9/DerivedDataCache/Boot.ddc.
[2015.11.20-00.08.08:459][  0]LogDerivedDataCache:Display: Loaded Boot cache: C:/Users/Felipe/AppData/Local/UnrealEngine/4.9/DerivedDataCache/Boot.ddc
[2015.11.20-00.08.08:460][  0]LogDerivedDataCache: FDerivedDataBackendGraph:  Pak pak cache file ../../../../../../Users/Felipe/Documents/Unreal Projects/blocagemv2/DerivedDataCache/DDC.ddp not found, will not use a pak cache.
[2015.11.20-00.08.08:460][  0]LogDerivedDataCache: Unable to find inner node Pak for hierarchical cache Hierarchy.
[2015.11.20-00.08.08:460][  0]LogDerivedDataCache: FDerivedDataBackendGraph:  CompressedPak pak cache file ../../../../../../Users/Felipe/Documents/Unreal Projects/blocagemv2/DerivedDataCache/Compressed.ddp not found, will not use a pak cache.
[2015.11.20-00.08.08:460][  0]LogDerivedDataCache: Unable to find inner node CompressedPak for hierarchical cache Hierarchy.
[2015.11.20-00.08.08:913][  0]LogDerivedDataCache:Display: Pak cache opened for reading ../../../Engine/DerivedDataCache/Compressed.ddp.
[2015.11.20-00.08.08:939][  0]LogDerivedDataCache: Using Local data cache path C:/Users/Felipe/AppData/Local/UnrealEngine/Common/DerivedDataCache: Writable
[2015.11.20-00.08.15:273][  0]LogInit: Selected Device Profile: [Windows]
[2015.11.20-00.08.15:672][  0]LogContentStreaming: Texture pool size is 0.000000MB
[2015.11.20-00.08.17:728][  0]LogMeshUtilities: No automatic mesh reduction module available
[2015.11.20-00.08.17:728][  0]LogMeshUtilities: No automatic mesh merging module available
[2015.11.20-00.08.25:008][  0]LogInit: WinSock: version 1.1 (2.2), MaxSocks=32767, MaxUdp=65467
[2015.11.20-00.08.57:274][  0]UdpMessaging: Initializing bridge on interface 0.0.0.0:0 to multicast group 230.0.0.1:6666.
[2015.11.20-00.08.57:730][  0]LogAssetRegistry: FAssetRegistry took 0.0112 seconds to start up
[2015.11.20-00.08.59:313][  0]SourceControl: Info Source control is disabled
[2015.11.20-00.08.59:315][  0]SourceControl: Info Source control is disabled
[2015.11.20-00.08.59:353][  0]SourceControl: Info Source control is disabled
[2015.11.20-00.08.59:427][  0]SourceControl: Info Source control is disabled
[2015.11.20-00.09.00:972][  0]LogLinker:Warning: Asset '../../../Engine/Plugins/Runtime/LeapMotionController/Content/LM_PassthroughMaterial.uasset' has been saved with empty engine version. The asset will be loaded but may be incompatible.
[2015.11.20-00.09.01:362][  0]LogObj: 28361 objects as part of root set at end of initial load.
[2015.11.20-00.09.01:362][  0]LogUObjectAllocator: 6038864 out of 0 bytes used by permanent object pool.
[2015.11.20-00.09.02:120][  0]LogEngine: Initializing Engine...
[2015.11.20-00.09.02:179][  0]LogHMD: Can't find Oculus library dev build: is proper Runtime installed? Version: 0.7.0.0
[2015.11.20-00.09.02:228][  0]LogHMD: SteamVR failed to initialize.  Err: 110
[2015.11.20-00.09.03:100][  0]LogAIModule: Creating AISystem for world NewWorld
[2015.11.20-00.09.03:563][  0]LogInit: XAudio2 using 'Speakers (Realtek High Definition Audio)' : 2 channels at 48 kHz using 32 bits per sample (channel mask 0x3)
[2015.11.20-00.09.03:619][  0]LogInit: FAudioDevice initialized.
[2015.11.20-00.09.03:737][  0]LogDerivedDataCache: Saved boot cache 0.12s 41MB C:/Users/Felipe/AppData/Local/UnrealEngine/4.9/DerivedDataCache/Boot.ddc.
[2015.11.20-00.09.03:775][  0]LogInit: Texture streaming: Enabled
[2015.11.20-00.09.03:874][  0]LogAnalytics: Creating configured Analytics provider AnalyticsET
[2015.11.20-00.09.03:874][  0]LogAnalytics: [UEEditor.Rocket.Release] APIServer = http://et2.epicgames.com/ET2/. AppVersion = 4.9.2-2707645+++depot+UE4-Releases+4.9
[2015.11.20-00.09.03:874][  0]LogAnalytics: [UEEditor.Rocket.Release] SetUserId 2918dee14c99daf7683908af2cd739a0|ca6f94b0f7ea40f188c8608d957df527|7847f031-70f3-4883-9d77-10ef1582efdd
[2015.11.20-00.09.03:874][  0]LogAnalytics: [UEEditor.Rocket.Release] AnalyticsET::StartSession
[2015.11.20-00.09.03:985][  0]LogWindowsTextInputMethodSystem:Display: IME system now deactivated.
[2015.11.20-00.09.04:887][  0]LogInit: Transaction tracking system initialized
[2015.11.20-00.09.05:866][  0]BlueprintLog: New page: Editor Load
[2015.11.20-00.09.08:036][  0]LocalizationService: Info Localization service is disabled
[2015.11.20-00.09.11:620][  0]LogConsoleResponse:Display: 
[2015.11.20-00.09.13:638][  0]LogFileCache: Scanning file cache for directory 'C:/Users/Felipe/Documents/Unreal Projects/blocagemv2/Content/' took 0.06s
[2015.11.20-00.09.13:638][  0]LogCook:Display: Done creating registry. It took  0.00s.
[2015.11.20-00.09.15:396][  0]SourceControl: Info Source control is disabled
[2015.11.20-00.09.15:530][  0]Cmd: MAP LOAD FILE="../../../../../../Users/Felipe/Documents/Unreal Projects/blocagemv2/Content/ThirdPersonBP/Maps/ThirdPersonExampleMap.umap" TEMPLATE=0 SHOWPROGRESS=1 FEATURELEVEL=3
[2015.11.20-00.09.15:591][  0]LightingResults: New page: Lighting Build
[2015.11.20-00.09.15:871][  0]MapCheck: New page: Map Check
[2015.11.20-00.09.15:871][  0]LightingResults: New page: Lighting Build
[2015.11.20-00.09.16:747][  0]LogParticles: Destroying 0 GPU particle simulations for FXSystem 0x000000837ECB2160
[2015.11.20-00.09.16:856][  0]LogLinker:Warning: Asset '../../../../../../Users/Felipe/Documents/Unreal Projects/blocagemv2/Content/ThirdPersonBP/Blueprints/ThirdPersonCharacter.uasset' has been saved with empty engine version. The asset will be loaded but may be incompatible.
[2015.11.20-00.09.16:925][  0]LogLinker:Warning: Asset '../../../../../../Users/Felipe/Documents/Unreal Projects/blocagemv2/Content/Mannequin/Animations/ThirdPerson_AnimBP.uasset' has been saved with empty engine version. The asset will be loaded but may be incompatible.
[2015.11.20-00.09.16:953][  0]LogLinker:Warning: Asset '../../../../../../Users/Felipe/Documents/Unreal Projects/blocagemv2/Content/Mannequin/Animations/ThirdPerson_Jump.uasset' has been saved with empty engine version. The asset will be loaded but may be incompatible.
[2015.11.20-00.09.17:034][  0]LogLinker:Warning: Asset '../../../../../../Users/Felipe/Documents/Unreal Projects/blocagemv2/Content/Mannequin/Animations/ThirdPersonJump_Loop.uasset' has been saved with empty engine version. The asset will be loaded but may be incompatible.
[2015.11.20-00.09.17:038][  0]LogLinker:Warning: Asset '../../../../../../Users/Felipe/Documents/Unreal Projects/blocagemv2/Content/Mannequin/Animations/ThirdPersonJump_Start.uasset' has been saved with empty engine version. The asset will be loaded but may be incompatible.
[2015.11.20-00.09.17:065][  0]LogLinker:Warning: Asset '../../../../../../Users/Felipe/Documents/Unreal Projects/blocagemv2/Content/Mannequin/Animations/ThirdPerson_IdleRun_2D.uasset' has been saved with empty engine version. The asset will be loaded but may be incompatible.
[2015.11.20-00.09.17:085][  0]LogLinker:Warning: Asset '../../../../../../Users/Felipe/Documents/Unreal Projects/blocagemv2/Content/Mannequin/Animations/ThirdPersonIdle.uasset' has been saved with empty engine version. The asset will be loaded but may be incompatible.
[2015.11.20-00.09.17:105][  0]LogLinker:Warning: Asset '../../../../../../Users/Felipe/Documents/Unreal Projects/blocagemv2/Content/Mannequin/Animations/ThirdPersonRun.uasset' has been saved with empty engine version. The asset will be loaded but may be incompatible.
[2015.11.20-00.09.17:123][  0]LogLinker:Warning: Asset '../../../../../../Users/Felipe/Documents/Unreal Projects/blocagemv2/Content/Mannequin/Animations/ThirdPersonWalk.uasset' has been saved with empty engine version. The asset will be loaded but may be incompatible.
[2015.11.20-00.09.22:077][  0]LogAIModule: Creating AISystem for world ThirdPersonExampleMap
[2015.11.20-00.09.23:216][  0]LogEditorServer: Finished looking for orphan Actors (0.006 secs)
[2015.11.20-00.09.23:317][  0]Cmd: MAP CHECKDEP NOCLEARLOG
[2015.11.20-00.09.23:473][  0]MapCheck: Info Map check complete: 0 Error(s), 0 Warning(s), took 156.315ms to complete.
[2015.11.20-00.09.23:474][  0]LogFileHelpers: Loading map 'ThirdPersonExampleMap' took 7.995
[2015.11.20-00.09.24:574][  0]LogCollectionManager: Loaded 0 collections in 0.010859 seconds
[2015.11.20-00.09.24:690][  0]LogFileCache: Scanning file cache for directory 'C:/Users/Felipe/Documents/Unreal Projects/blocagemv2/Saved/Collections/' took 0.01s
[2015.11.20-00.09.24:690][  0]LogFileCache: Scanning file cache for directory 'C:/Users/Felipe/Documents/Unreal Projects/blocagemv2/Content/Developers/Felipe/Collections/' took 0.01s
[2015.11.20-00.09.24:690][  0]LogFileCache: Scanning file cache for directory 'C:/Users/Felipe/Documents/Unreal Projects/blocagemv2/Content/Collections/' took 0.01s
[2015.11.20-00.09.24:690][  0]LogContentBrowser: Native class hierarchy populated in 0.0325 seconds. Added 1867 classes and 333 folders.
[2015.11.20-00.09.24:734][  0]LogCollectionManager: Rebuilt the GUID cache for 0 collections in 0.000004 seconds
[2015.11.20-00.09.24:838][  0]LogContentBrowser: Native class hierarchy updated for 'WidgetCarousel' in 0.0004 seconds. Added 0 classes and 0 folders.
[2015.11.20-00.09.26:118][  0]LogContentBrowser: Native class hierarchy updated for 'AddContentDialog' in 0.0006 seconds. Added 0 classes and 0 folders.
[2015.11.20-00.09.26:191][  0]LogContentBrowser: Native class hierarchy updated for 'SceneOutliner' in 0.0005 seconds. Added 1 classes and 2 folders.
[2015.11.20-00.09.26:705][  0]LogCrashTracker: Crashtracker disabled due to settings.
[2015.11.20-00.09.26:874][  0]LogUObjectGlobals:Warning: Failed to find object 'Class None.'
[2015.11.20-00.09.26:948][  0]LogLoad: Full Startup: 112.45 seconds (BP compile: 1.96 seconds)
[2015.11.20-00.09.27:353][  0]LogContentStreaming: Texture pool size now 400 MB
[2015.11.20-00.09.28:228][  0]LogRenderer: Reallocating scene render targets to support 984x532 (Frame:2).
[2015.11.20-00.09.29:501][  6]LogAssetRegistry: Asset discovery search completed in 31.7815 seconds
[2015.11.20-00.09.29:501][  6]LogCollectionManager: Rebuilt the object cache for 0 collections in 0.000001 seconds (found 0 objects)
[2015.11.20-00.09.29:501][  6]LogCollectionManager: Fixed up redirectors for 0 collections in 0.000039 seconds (updated 0 objects)
[2015.11.20-00.09.46:045][  5]Cmd: MAP LOAD FILE="../../../../../../Users/Felipe/Documents/Unreal Projects/blocagemv2/Content/mapateste.umap" TEMPLATE=0 SHOWPROGRESS=1 FEATURELEVEL=3
[2015.11.20-00.09.46:113][  5]LightingResults: New page: Lighting Build
[2015.11.20-00.09.46:148][  5]LoadErrors: New page: Loading map: mapateste.umap
[2015.11.20-00.09.46:207][  5]MapCheck: New page: Map Check
[2015.11.20-00.09.46:207][  5]LightingResults: New page: Lighting Build
[2015.11.20-00.09.46:230][  5]LogParticles: Destroying 0 GPU particle simulations for FXSystem 0x000000836D41A020
[2015.11.20-00.09.48:415][  5]LogAIModule: Creating AISystem for world mapateste
[2015.11.20-00.09.51:341][  5]LogEditorServer: Finished looking for orphan Actors (0.000 secs)
[2015.11.20-00.09.51:410][  5]Cmd: MAP CHECKDEP NOCLEARLOG
[2015.11.20-00.09.51:547][  5]MapCheck: Info Map check complete: 0 Error(s), 0 Warning(s), took 136.498ms to complete.
[2015.11.20-00.09.51:547][  5]LogFileHelpers: Loading map 'mapateste' took 5.504
[2015.11.20-00.09.51:810][  6]Cmd: UpdateLandscapeEditorData -warnings
[2015.11.20-00.11.23:876][601]LogPlayLevel: PlayLevel: No blueprints needed recompiling
[2015.11.20-00.11.23:925][601]PIE: New page: PIE session: mapateste (Nov 19, 2015, 8:11:23 PM)
[2015.11.20-00.11.23:946][601]LogPlayLevel: Creating play world package: /Game/UEDPIE_0_mapateste
[2015.11.20-00.11.24:194][601]LogPlayLevel: PIE: StaticDuplicateObject took: (0.247654s)
[2015.11.20-00.11.24:194][601]LogAIModule: Creating AISystem for world mapateste
[2015.11.20-00.11.24:195][601]LogPlayLevel: PIE: World Init took: (0.000949s)
[2015.11.20-00.11.24:196][601]LogPlayLevel: PIE: Created PIE world by copying editor world from /Game/mapateste.mapateste to /Game/UEDPIE_0_mapateste.mapateste (0.249831s)
[2015.11.20-00.11.24:264][601]LogInit: XAudio2 using 'Speakers (Realtek High Definition Audio)' : 2 channels at 48 kHz using 32 bits per sample (channel mask 0x3)
[2015.11.20-00.11.24:290][601]LogInit: FAudioDevice initialized.
[2015.11.20-00.11.24:528][601]LogWorld: Game class is 'ThirdPersonGameMode_C'
[2015.11.20-00.11.24:723][601]LogWorld: Bringing World /Game/UEDPIE_0_mapateste.mapateste up for play (max tick rate 0) at 2015.11.19-22.11.24
[2015.11.20-00.11.24:723][601]LogActor:Warning: GameSession /Game/UEDPIE_0_mapateste.mapateste:PersistentLevel.GameSession_0 has natively added scene component(s), but none of them were set as the actor's RootComponent - picking one arbitrarily
[2015.11.20-00.11.24:723][601]LogActor:Warning: GameNetworkManager /Game/UEDPIE_0_mapateste.mapateste:PersistentLevel.GameNetworkManager_0 has natively added scene component(s), but none of them were set as the actor's RootComponent - picking one arbitrarily
[2015.11.20-00.11.24:901][601]LogWorld: Bringing up level for play took: 0.235179
[2015.11.20-00.11.25:140][601]PIE: Info Play in editor start time for /Game/UEDPIE_0_mapateste 1.082
[2015.11.20-00.13.55:791][196]LogParticles: Destroying 0 GPU particle simulations for FXSystem 0x00000083227CB380
[2015.11.20-00.14.04:994][473]LogLinker:Warning: Asset '../../../Engine/Content/ArtTools/RenderToTexture/Macros/RenderToTextureMacros.uasset' has been saved with empty engine version. The asset will be loaded but may be incompatible.
[2015.11.20-00.14.06:503][473]LogContentBrowser: Native class hierarchy updated for 'BlueprintGraph' in 0.0059 seconds. Added 107 classes and 0 folders.
[2015.11.20-00.14.34:587][151]BlueprintLog: New page: Compile ThirdPersonCharacter
[2015.11.20-00.14.34:914][151]LogActorComponent: UnregisterComponent: (/Engine/Transient.CharMoveComp) Not registered. Aborting.
[2015.11.20-00.14.35:426][151]BlueprintEditorCompileResults: Info [0420.81] Compile of ThirdPersonCharacter successful! [in 713 ms]
[2015.11.20-00.14.38:141][230]LogPlayLevel: PlayLevel: No blueprints needed recompiling
[2015.11.20-00.14.38:141][230]PIE: New page: PIE session: mapateste (Nov 19, 2015, 8:14:38 PM)
[2015.11.20-00.14.38:141][230]LogPlayLevel: Creating play world package: /Game/UEDPIE_0_mapateste
[2015.11.20-00.14.38:206][230]LogPlayLevel: PIE: StaticDuplicateObject took: (0.064577s)
[2015.11.20-00.14.38:207][230]LogAIModule: Creating AISystem for world mapateste
[2015.11.20-00.14.38:207][230]LogPlayLevel: PIE: World Init took: (0.001174s)
[2015.11.20-00.14.38:207][230]LogPlayLevel: PIE: Created PIE world by copying editor world from /Game/mapateste.mapateste to /Game/UEDPIE_0_mapateste.mapateste (0.066051s)
[2015.11.20-00.14.38:207][230]LogActorComponent: UnregisterComponent: (/Engine/Transient.CharMoveComp) Not registered. Aborting.
[2015.11.20-00.14.38:333][230]LogInit: XAudio2 using 'Speakers (Realtek High Definition Audio)' : 2 channels at 48 kHz using 32 bits per sample (channel mask 0x3)
[2015.11.20-00.14.38:348][230]LogInit: FAudioDevice initialized.
[2015.11.20-00.14.38:393][230]LogWorld: Game class is 'ThirdPersonGameMode_C'
[2015.11.20-00.14.38:442][230]LogWorld: Bringing World /Game/UEDPIE_0_mapateste.mapateste up for play (max tick rate 0) at 2015.11.19-22.14.38
[2015.11.20-00.14.38:442][230]LogActor:Warning: GameSession /Game/UEDPIE_0_mapateste.mapateste:PersistentLevel.GameSession_1 has natively added scene component(s), but none of them were set as the actor's RootComponent - picking one arbitrarily
[2015.11.20-00.14.38:443][230]LogActor:Warning: GameNetworkManager /Game/UEDPIE_0_mapateste.mapateste:PersistentLevel.GameNetworkManager_1 has natively added scene component(s), but none of them were set as the actor's RootComponent - picking one arbitrarily
[2015.11.20-00.14.38:455][230]LogWorld: Bringing up level for play took: 0.061468
[2015.11.20-00.14.38:489][230]PIE: Info Play in editor start time for /Game/UEDPIE_0_mapateste 0.437
[2015.11.20-00.14.42:474][378]LogParticles: Destroying 0 GPU particle simulations for FXSystem 0x000000832F6240E0
[2015.11.20-00.14.53:468][690]BlueprintLog: New page: Compile ThirdPersonCharacter
[2015.11.20-00.14.53:584][690]LogActorComponent: UnregisterComponent: (/Engine/Transient.CharMoveComp) Not registered. Aborting.
[2015.11.20-00.14.53:643][690]BlueprintEditorCompileResults: Info [0439.15] Compile of ThirdPersonCharacter successful! [in 174 ms]
[2015.11.20-00.14.56:296][773]LogPlayLevel: PlayLevel: No blueprints needed recompiling
[2015.11.20-00.14.56:296][773]PIE: New page: PIE session: mapateste (Nov 19, 2015, 8:14:56 PM)
[2015.11.20-00.14.56:296][773]LogPlayLevel: Creating play world package: /Game/UEDPIE_0_mapateste
[2015.11.20-00.14.56:380][773]LogPlayLevel: PIE: StaticDuplicateObject took: (0.083758s)
[2015.11.20-00.14.56:381][773]LogAIModule: Creating AISystem for world mapateste
[2015.11.20-00.14.56:381][773]LogPlayLevel: PIE: World Init took: (0.001675s)
[2015.11.20-00.14.56:382][773]LogPlayLevel: PIE: Created PIE world by copying editor world from /Game/mapateste.mapateste to /Game/UEDPIE_0_mapateste.mapateste (0.085809s)
[2015.11.20-00.14.56:382][773]LogActorComponent: UnregisterComponent: (/Engine/Transient.CharMoveComp) Not registered. Aborting.
[2015.11.20-00.14.56:454][773]LogInit: XAudio2 using 'Speakers (Realtek High Definition Audio)' : 2 channels at 48 kHz using 32 bits per sample (channel mask 0x3)
[2015.11.20-00.14.56:491][773]LogInit: FAudioDevice initialized.
[2015.11.20-00.14.56:527][773]LogWorld: Game class is 'ThirdPersonGameMode_C'
[2015.11.20-00.14.56:593][773]LogWorld: Bringing World /Game/UEDPIE_0_mapateste.mapateste up for play (max tick rate 0) at 2015.11.19-22.14.56
[2015.11.20-00.14.56:593][773]LogActor:Warning: GameSession /Game/UEDPIE_0_mapateste.mapateste:PersistentLevel.GameSession_2 has natively added scene component(s), but none of them were set as the actor's RootComponent - picking one arbitrarily
[2015.11.20-00.14.56:594][773]LogActor:Warning: GameNetworkManager /Game/UEDPIE_0_mapateste.mapateste:PersistentLevel.GameNetworkManager_2 has natively added scene component(s), but none of them were set as the actor's RootComponent - picking one arbitrarily
[2015.11.20-00.14.56:609][773]LogWorld: Bringing up level for play took: 0.080375
[2015.11.20-00.14.56:613][773]PIE: Info Play in editor start time for /Game/UEDPIE_0_mapateste 0.561
[2015.11.20-00.15.03:183][ 54]LogParticles: Destroying 0 GPU particle simulations for FXSystem 0x000000833020C860
[2015.11.20-00.15.08:982][208]BlueprintLog: New page: Compile ThirdPersonCharacter
[2015.11.20-00.15.09:097][208]LogActorComponent: UnregisterComponent: (/Engine/Transient.CharMoveComp) Not registered. Aborting.
[2015.11.20-00.15.09:161][208]BlueprintEditorCompileResults: Info [0454.67] Compile of ThirdPersonCharacter successful! [in 179 ms]
[2015.11.20-00.15.11:730][286]LogPlayLevel: PlayLevel: No blueprints needed recompiling
[2015.11.20-00.15.11:730][286]PIE: New page: PIE session: mapateste (Nov 19, 2015, 8:15:11 PM)
[2015.11.20-00.15.11:730][286]LogPlayLevel: Creating play world package: /Game/UEDPIE_0_mapateste
[2015.11.20-00.15.11:795][286]LogPlayLevel: PIE: StaticDuplicateObject took: (0.064048s)
[2015.11.20-00.15.11:796][286]LogAIModule: Creating AISystem for world mapateste
[2015.11.20-00.15.11:796][286]LogPlayLevel: PIE: World Init took: (0.001554s)
[2015.11.20-00.15.11:797][286]LogPlayLevel: PIE: Created PIE world by copying editor world from /Game/mapateste.mapateste to /Game/UEDPIE_0_mapateste.mapateste (0.066695s)
[2015.11.20-00.15.11:797][286]LogActorComponent: UnregisterComponent: (/Engine/Transient.CharMoveComp) Not registered. Aborting.
[2015.11.20-00.15.11:863][286]LogInit: XAudio2 using 'Speakers (Realtek High Definition Audio)' : 2 channels at 48 kHz using 32 bits per sample (channel mask 0x3)
[2015.11.20-00.15.11:885][286]LogInit: FAudioDevice initialized.
[2015.11.20-00.15.11:920][286]LogWorld: Game class is 'ThirdPersonGameMode_C'
[2015.11.20-00.15.11:983][286]LogWorld: Bringing World /Game/UEDPIE_0_mapateste.mapateste up for play (max tick rate 0) at 2015.11.19-22.15.11
[2015.11.20-00.15.11:984][286]LogActor:Warning: GameSession /Game/UEDPIE_0_mapateste.mapateste:PersistentLevel.GameSession_3 has natively added scene component(s), but none of them were set as the actor's RootComponent - picking one arbitrarily
[2015.11.20-00.15.11:985][286]LogActor:Warning: GameNetworkManager /Game/UEDPIE_0_mapateste.mapateste:PersistentLevel.GameNetworkManager_3 has natively added scene component(s), but none of them were set as the actor's RootComponent - picking one arbitrarily
[2015.11.20-00.15.12:002][286]LogWorld: Bringing up level for play took: 0.081216
[2015.11.20-00.15.12:005][286]PIE: Info Play in editor start time for /Game/UEDPIE_0_mapateste -0.046
[2015.11.20-00.15.20:238][613]LogParticles: Destroying 0 GPU particle simulations for FXSystem 0x000000832FE6D580
[2015.11.20-00.15.25:477][745]BlueprintLog: New page: Compile ThirdPersonCharacter
[2015.11.20-00.15.25:592][745]LogActorComponent: UnregisterComponent: (/Engine/Transient.CharMoveComp) Not registered. Aborting.
[2015.11.20-00.15.25:652][745]BlueprintEditorCompileResults: Info [0471.16] Compile of ThirdPersonCharacter successful! [in 174 ms]
[2015.11.20-00.15.31:353][921]LogPlayLevel: PlayLevel: No blueprints needed recompiling
[2015.11.20-00.15.31:354][921]PIE: New page: PIE session: mapateste (Nov 19, 2015, 8:15:31 PM)
[2015.11.20-00.15.31:354][921]LogPlayLevel: Creating play world package: /Game/UEDPIE_0_mapateste
[2015.11.20-00.15.31:415][921]LogPlayLevel: PIE: StaticDuplicateObject took: (0.061358s)
[2015.11.20-00.15.31:416][921]LogAIModule: Creating AISystem for world mapateste
[2015.11.20-00.15.31:417][921]LogPlayLevel: PIE: World Init took: (0.001261s)
[2015.11.20-00.15.31:417][921]LogPlayLevel: PIE: Created PIE world by copying editor world from /Game/mapateste.mapateste to /Game/UEDPIE_0_mapateste.mapateste (0.063206s)
[2015.11.20-00.15.31:417][921]LogActorComponent: UnregisterComponent: (/Engine/Transient.CharMoveComp) Not registered. Aborting.
[2015.11.20-00.15.31:496][921]LogInit: XAudio2 using 'Speakers (Realtek High Definition Audio)' : 2 channels at 48 kHz using 32 bits per sample (channel mask 0x3)
[2015.11.20-00.15.31:507][921]LogInit: FAudioDevice initialized.
[2015.11.20-00.15.31:550][921]LogWorld: Game class is 'ThirdPersonGameMode_C'
[2015.11.20-00.15.31:605][921]LogWorld: Bringing World /Game/UEDPIE_0_mapateste.mapateste up for play (max tick rate 0) at 2015.11.19-22.15.31
[2015.11.20-00.15.31:606][921]LogActor:Warning: GameSession /Game/UEDPIE_0_mapateste.mapateste:PersistentLevel.GameSession_4 has natively added scene component(s), but none of them were set as the actor's RootComponent - picking one arbitrarily
[2015.11.20-00.15.31:606][921]LogActor:Warning: GameNetworkManager /Game/UEDPIE_0_mapateste.mapateste:PersistentLevel.GameNetworkManager_4 has natively added scene component(s), but none of them were set as the actor's RootComponent - picking one arbitrarily
[2015.11.20-00.15.31:615][921]LogWorld: Bringing up level for play took: 0.064077
[2015.11.20-00.15.31:619][921]PIE: Info Play in editor start time for /Game/UEDPIE_0_mapateste -0.433
[2015.11.20-00.20.31:352][792]LogParticles: Destroying 0 GPU particle simulations for FXSystem 0x00000083227CB560
[2015.11.20-00.20.39:209][  1]LogPlayLevel: PlayLevel: No blueprints needed recompiling
[2015.11.20-00.20.39:209][  1]PIE: New page: PIE session: mapateste (Nov 19, 2015, 8:20:39 PM)
[2015.11.20-00.20.39:209][  1]LogPlayLevel: Creating play world package: /Game/UEDPIE_0_mapateste
[2015.11.20-00.20.39:261][  1]LogPlayLevel: PIE: StaticDuplicateObject took: (0.051937s)
[2015.11.20-00.20.39:262][  1]LogAIModule: Creating AISystem for world mapateste
[2015.11.20-00.20.39:262][  1]LogPlayLevel: PIE: World Init took: (0.001535s)
[2015.11.20-00.20.39:263][  1]LogPlayLevel: PIE: Created PIE world by copying editor world from /Game/mapateste.mapateste to /Game/UEDPIE_0_mapateste.mapateste (0.053786s)
[2015.11.20-00.20.39:263][  1]LogActorComponent: UnregisterComponent: (/Engine/Transient.CharMoveComp) Not registered. Aborting.
[2015.11.20-00.20.39:342][  1]LogInit: XAudio2 using 'Speakers (Realtek High Definition Audio)' : 2 channels at 48 kHz using 32 bits per sample (channel mask 0x3)
[2015.11.20-00.20.39:358][  1]LogInit: FAudioDevice initialized.
[2015.11.20-00.20.39:395][  1]LogWorld: Game class is 'ThirdPersonGameMode_C'
[2015.11.20-00.20.39:442][  1]LogWorld: Bringing World /Game/UEDPIE_0_mapateste.mapateste up for play (max tick rate 0) at 2015.11.19-22.20.39
[2015.11.20-00.20.39:442][  1]LogActor:Warning: GameSession /Game/UEDPIE_0_mapateste.mapateste:PersistentLevel.GameSession_5 has natively added scene component(s), but none of them were set as the actor's RootComponent - picking one arbitrarily
[2015.11.20-00.20.39:442][  1]LogActor:Warning: GameNetworkManager /Game/UEDPIE_0_mapateste.mapateste:PersistentLevel.GameNetworkManager_5 has natively added scene component(s), but none of them were set as the actor's RootComponent - picking one arbitrarily
[2015.11.20-00.20.39:454][  1]LogWorld: Bringing up level for play took: 0.057591
[2015.11.20-00.20.39:493][  1]PIE: Info Play in editor start time for /Game/UEDPIE_0_mapateste -0.558
[2015.11.20-00.21.15:311][854]LogParticles: Destroying 0 GPU particle simulations for FXSystem 0x000000831A0C9080
[2015.11.20-00.21.16:325][871]LogEditorViewport: Clicking on Actor (LMB): house_C (house)
[2015.11.20-00.21.40:036][291]LogTexture:Display: Building textures: Texture2D_2 (G8)
[2015.11.20-00.22.00:005][640]Cmd: TRANSACTION UNDO
[2015.11.20-00.22.00:057][640]LogEditorTransaction: Undo Foliage Editing
[2015.11.20-00.22.12:755][853]LogStaticMesh:Display: Discarded foliage hierarchy of 2313 elements build due to concurrent removal (0.1s)
[2015.11.20-00.22.21:846][ 37]LogStaticMesh:Display: Discarded foliage hierarchy of 2313 elements build due to concurrent removal (0.1s)
[2015.11.20-00.22.22:772][ 61]LogEditorViewport: Clicking on Actor (LMB): Character (Character12)
[2015.11.20-00.22.23:975][ 90]LogEditorViewport: Clicking on Actor (CTRL LMB): Character (Character14)
[2015.11.20-00.22.24:926][107]LogEditorViewport: Clicking on Actor (CTRL LMB): Character (Character15)
[2015.11.20-00.22.26:822][159]LogEditorViewport: Clicking on Actor (CTRL LMB): Character (Character16)
[2015.11.20-00.22.30:928][281]LogEditorViewport: Clicking on Actor (CTRL LMB): Character (Character13)
[2015.11.20-00.22.33:093][348]LogEditorViewport: Clicking on Actor (CTRL LMB): Character (Character14)
[2015.11.20-00.22.33:997][375]LogEditorViewport: Clicking on Actor (CTRL LMB): Character (Character15)
[2015.11.20-00.22.34:981][403]LogEditorViewport: Clicking on Actor (CTRL LMB): Character (Character16)
[2015.11.20-00.22.37:274][438]LogStaticMesh:Display: Discarded foliage hierarchy of 2313 elements build due to concurrent removal (0.1s)
[2015.11.20-00.22.40:592][545]LogEditorViewport: Clicking on Actor (CTRL LMB): Character (Character13)
[2015.11.20-00.22.41:792][584]LogEditorViewport: Clicking on Actor (CTRL LMB): Character (Character12)
[2015.11.20-00.22.47:232][733]LogStaticMesh:Display: Discarded foliage hierarchy of 2313 elements build due to concurrent removal (0.1s)
[2015.11.20-00.22.55:801][894]LogStaticMesh:Display: Discarded foliage hierarchy of 2313 elements build due to concurrent removal (0.1s)
[2015.11.20-00.22.56:742][897]LogStaticMesh:Display: Discarded foliage hierarchy of 2313 elements build due to concurrent removal (0.1s)
[2015.11.20-00.23.02:813][ 52]LogEditorViewport: Clicking on Actor (LMB): house_C (house)
[2015.11.20-00.23.33:942][806]LogEditorViewport: Clicking on Actor (LMB): Character (Character16)
[2015.11.20-00.23.35:411][829]LogEditorViewport: Clicking on Actor (CTRL LMB): Character (Character15)
[2015.11.20-00.23.37:392][861]LogEditorViewport: Clicking on Actor (CTRL LMB): Character (Character14)
[2015.11.20-00.23.38:870][884]LogEditorViewport: Clicking on Actor (CTRL LMB): Character (Character12)
[2015.11.20-00.23.40:183][904]LogEditorViewport: Clicking on Actor (CTRL LMB): Character (Character13)
[2015.11.20-00.24.56:656][430]LogEditorViewport: Clicking on Actor (LMB): house_C (house)
[2015.11.20-00.24.59:744][485]LogEditorViewport: Clicking on Actor (LMB): house_C (house2)
[2015.11.20-00.25.03:387][546]LogEditorViewport: Clicking on Actor (LMB): house_C (house3)
[2015.11.20-00.28.13:221][170]LogActorComponent: UnregisterComponent: (/Engine/Transient.CharMoveComp) Not registered. Aborting.
[2015.11.20-00.28.14:348][170]LogSavePackage: Save=723.449768ms
[2015.11.20-00.28.14:348][170]LogSavePackage: Moving '../../../../../../Users/Felipe/Documents/Unreal Projects/blocagemv2/Saved/mapateste_Auto1B3B832A848643E03D3B87AADE0B1B678.tmp' to '../../../../../../Users/Felipe/Documents/Unreal Projects/blocagemv2/Saved/Autosaves/Game/mapateste_Auto1.umap'
[2015.11.20-00.28.14:416][170]LogSavePackage: Total save time: 995.106604ms
[2015.11.20-00.28.14:416][170]LogSavePackage:Warning: Finished SavePackage ../../../../../../Users/Felipe/Documents/Unreal Projects/blocagemv2/Saved/Autosaves/Game/mapateste_Auto1.umap
[2015.11.20-00.28.14:422][170]LogFileHelpers: Editor autosave (incl. sublevels) for '/Game/mapateste' took 1.202
[2015.11.20-00.28.14:422][170]LogFileHelpers: Editor autosave (incl. sublevels) for all levels took 1.202
[2015.11.20-00.28.14:513][170]OBJ SavePackage: Generating thumbnails for [1] asset(s) in package [/Game/ThirdPersonBP/Blueprints/ThirdPersonCharacter] ([1] browsable assets)...
[2015.11.20-00.28.14:576][170]OBJ SavePackage:     Rendered thumbnail for [Blueprint /Game/ThirdPersonBP/Blueprints/ThirdPersonCharacter.ThirdPersonCharacter]
[2015.11.20-00.28.14:576][170]OBJ SavePackage: Finished generating thumbnails for package [/Game/ThirdPersonBP/Blueprints/ThirdPersonCharacter]
[2015.11.20-00.28.14:900][170]LogSavePackage: Save=254.048035ms
[2015.11.20-00.28.14:900][170]LogSavePackage: Moving '../../../../../../Users/Felipe/Documents/Unreal Projects/blocagemv2/Saved/ThirdPersonCharacter_Auto1F72848924DAAA32F3975C5B1C40256C2.tmp' to '../../../../../../Users/Felipe/Documents/Unreal Projects/blocagemv2/Saved/Autosaves/Game/ThirdPersonBP/Blueprints/ThirdPersonCharacter_Auto1.uasset'
[2015.11.20-00.28.14:902][170]LogSavePackage: Total save time: 321.335781ms
[2015.11.20-00.28.14:902][170]LogSavePackage:Warning: Finished SavePackage ../../../../../../Users/Felipe/Documents/Unreal Projects/blocagemv2/Saved/Autosaves/Game/ThirdPersonBP/Blueprints/ThirdPersonCharacter_Auto1.uasset
[2015.11.20-00.28.14:902][170]LogFileHelpers: Auto-saving content packages took 0.425
[2015.11.20-00.28.57:812][969]LogEditorViewport: Clicking on Actor (LMB): house_C (house3)
[2015.11.20-00.29.15:977][304]LogEditorViewport: Clicking on Actor (LMB): house_C (house2)
[2015.11.20-00.29.46:179][826]LogEditorViewport: Clicking on Actor (LMB): house_C (house3)
[2015.11.20-00.30.02:767][114]LogEditorViewport: Clicking on Actor (LMB): house_C (house)
[2015.11.20-00.30.05:344][157]LogEditorViewport: Clicking on Actor (LMB): house_C (house3)
[2015.11.20-00.30.26:988][500]LogEditorViewport: Clicking on Actor (LMB): Landscape (Landscape)
[2015.11.20-00.30.34:773][636]LogEditorViewport: Clicking on Actor (LMB): house_C (house3)
[2015.11.20-00.30.38:702][713]LogEditorViewport: Clicking on Actor (LMB): StaticMeshActor (Cube3)
[2015.11.20-00.30.41:656][770]LogEditorViewport: Clicking on Actor (LMB): Character (Character11)
[2015.11.20-00.30.44:681][825]LogEditorViewport: Clicking on Actor (LMB): Character (Character8)
[2015.11.20-00.32.15:175][864]LogEditorViewport: Clicking on Actor (LMB): Character (Character)
[2015.11.20-00.32.17:119][896]LogEditorViewport: Clicking on Actor (CTRL LMB): Character (Character2)
[2015.11.20-00.33.30:614][619]LogStaticMesh:Display: Discarded foliage hierarchy of 2313 elements build due to concurrent removal (0.1s)
[2015.11.20-00.33.34:004][668]LogPlayLevel: PlayLevel: No blueprints needed recompiling
[2015.11.20-00.33.34:004][668]PIE: New page: PIE session: mapateste (Nov 19, 2015, 8:33:34 PM)
[2015.11.20-00.33.34:004][668]LogPlayLevel: Creating play world package: /Game/UEDPIE_0_mapateste
[2015.11.20-00.33.34:060][668]LogPlayLevel: PIE: StaticDuplicateObject took: (0.056357s)
[2015.11.20-00.33.34:061][668]LogAIModule: Creating AISystem for world mapateste
[2015.11.20-00.33.34:061][668]LogPlayLevel: PIE: World Init took: (0.000963s)
[2015.11.20-00.33.34:061][668]LogPlayLevel: PIE: Created PIE world by copying editor world from /Game/mapateste.mapateste to /Game/UEDPIE_0_mapateste.mapateste (0.057556s)
[2015.11.20-00.33.34:061][668]LogActorComponent: UnregisterComponent: (/Engine/Transient.CharMoveComp) Not registered. Aborting.
[2015.11.20-00.33.34:206][668]LogInit: XAudio2 using 'Speakers (Realtek High Definition Audio)' : 2 channels at 48 kHz using 32 bits per sample (channel mask 0x3)
[2015.11.20-00.33.34:229][668]LogInit: FAudioDevice initialized.
[2015.11.20-00.33.34:274][668]LogWorld: Game class is 'ThirdPersonGameMode_C'
[2015.11.20-00.33.34:323][668]LogWorld: Bringing World /Game/UEDPIE_0_mapateste.mapateste up for play (max tick rate 0) at 2015.11.19-22.33.34
[2015.11.20-00.33.34:324][668]LogActor:Warning: GameSession /Game/UEDPIE_0_mapateste.mapateste:PersistentLevel.GameSession_6 has natively added scene component(s), but none of them were set as the actor's RootComponent - picking one arbitrarily
[2015.11.20-00.33.34:324][668]LogActor:Warning: GameNetworkManager /Game/UEDPIE_0_mapateste.mapateste:PersistentLevel.GameNetworkManager_6 has natively added scene component(s), but none of them were set as the actor's RootComponent - picking one arbitrarily
[2015.11.20-00.33.34:337][668]LogWorld: Bringing up level for play took: 0.062177
[2015.11.20-00.33.34:342][668]PIE: Info Play in editor start time for /Game/UEDPIE_0_mapateste 0.291
[2015.11.20-00.33.51:935][328]LogParticles: Destroying 0 GPU particle simulations for FXSystem 0x000000832D5231A0
[2015.11.20-00.34.02:985][637]LogPlayLevel: PlayLevel: No blueprints needed recompiling
[2015.11.20-00.34.02:985][637]PIE: New page: PIE session: mapateste (Nov 19, 2015, 8:34:02 PM)
[2015.11.20-00.34.02:986][637]LogPlayLevel: Creating play world package: /Game/UEDPIE_0_mapateste
[2015.11.20-00.34.03:048][637]LogPlayLevel: PIE: StaticDuplicateObject took: (0.062458s)
[2015.11.20-00.34.03:049][637]LogAIModule: Creating AISystem for world mapateste
[2015.11.20-00.34.03:049][637]LogPlayLevel: PIE: World Init took: (0.001000s)
[2015.11.20-00.34.03:049][637]LogPlayLevel: PIE: Created PIE world by copying editor world from /Game/mapateste.mapateste to /Game/UEDPIE_0_mapateste.mapateste (0.063727s)
[2015.11.20-00.34.03:049][637]LogActorComponent: UnregisterComponent: (/Engine/Transient.CharMoveComp) Not registered. Aborting.
[2015.11.20-00.34.03:124][637]LogInit: XAudio2 using 'Speakers (Realtek High Definition Audio)' : 2 channels at 48 kHz using 32 bits per sample (channel mask 0x3)
[2015.11.20-00.34.03:158][637]LogInit: FAudioDevice initialized.
[2015.11.20-00.34.03:197][637]LogWorld: Game class is 'ThirdPersonGameMode_C'
[2015.11.20-00.34.03:243][637]LogWorld: Bringing World /Game/UEDPIE_0_mapateste.mapateste up for play (max tick rate 0) at 2015.11.19-22.34.03
[2015.11.20-00.34.03:243][637]LogActor:Warning: GameSession /Game/UEDPIE_0_mapateste.mapateste:PersistentLevel.GameSession_7 has natively added scene component(s), but none of them were set as the actor's RootComponent - picking one arbitrarily
[2015.11.20-00.34.03:243][637]LogActor:Warning: GameNetworkManager /Game/UEDPIE_0_mapateste.mapateste:PersistentLevel.GameNetworkManager_7 has natively added scene component(s), but none of them were set as the actor's RootComponent - picking one arbitrarily
[2015.11.20-00.34.03:253][637]LogWorld: Bringing up level for play took: 0.055601
[2015.11.20-00.34.03:258][637]PIE: Info Play in editor start time for /Game/UEDPIE_0_mapateste 1.206
[2015.11.20-00.36.08:448][260]LogParticles: Destroying 0 GPU particle simulations for FXSystem 0x000000836E9D1E40
[2015.11.20-00.36.20:690][470]LogStaticMesh:Display: Discarded foliage hierarchy of 2313 elements build due to concurrent removal (0.1s)
[2015.11.20-00.36.29:038][631]LogEditorViewport: Clicking on Actor (LMB): InstancedFoliageActor (InstancedFoliageActor)
[2015.11.20-00.36.41:315][873]LogEditorViewport: Clicking on Actor (LMB): InstancedFoliageActor (InstancedFoliageActor)
[2015.11.20-00.37.07:543][450]LogActorComponent: UnregisterComponent: (/Engine/Transient.SphereBrushComponent) Not registered. Aborting.
[2015.11.20-00.37.08:201][461]LogEditorViewport: Clicking on Actor (LMB): house_C (house2)
[2015.11.20-00.37.28:588][814]LogEditorViewport: Clicking on Actor (LMB): house_C (house3)
[2015.11.20-00.39.32:443][ 58]LogPlayLevel: PlayLevel: No blueprints needed recompiling
[2015.11.20-00.39.32:443][ 58]PIE: New page: PIE session: mapateste (Nov 19, 2015, 8:39:32 PM)
[2015.11.20-00.39.32:443][ 58]LogPlayLevel: Creating play world package: /Game/UEDPIE_0_mapateste
[2015.11.20-00.39.32:502][ 58]LogPlayLevel: PIE: StaticDuplicateObject took: (0.058607s)
[2015.11.20-00.39.32:504][ 58]LogAIModule: Creating AISystem for world mapateste
[2015.11.20-00.39.32:505][ 58]LogPlayLevel: PIE: World Init took: (0.002737s)
[2015.11.20-00.39.32:505][ 58]LogPlayLevel: PIE: Created PIE world by copying editor world from /Game/mapateste.mapateste to /Game/UEDPIE_0_mapateste.mapateste (0.061856s)
[2015.11.20-00.39.32:505][ 58]LogActorComponent: UnregisterComponent: (/Engine/Transient.CharMoveComp) Not registered. Aborting.
[2015.11.20-00.39.32:608][ 58]LogInit: XAudio2 using 'Speakers (Realtek High Definition Audio)' : 2 channels at 48 kHz using 32 bits per sample (channel mask 0x3)
[2015.11.20-00.39.32:620][ 58]LogInit: FAudioDevice initialized.
[2015.11.20-00.39.32:658][ 58]LogWorld: Game class is 'ThirdPersonGameMode_C'
[2015.11.20-00.39.32:718][ 58]LogWorld: Bringing World /Game/UEDPIE_0_mapateste.mapateste up for play (max tick rate 0) at 2015.11.19-22.39.32
[2015.11.20-00.39.32:718][ 58]LogActor:Warning: GameSession /Game/UEDPIE_0_mapateste.mapateste:PersistentLevel.GameSession_8 has natively added scene component(s), but none of them were set as the actor's RootComponent - picking one arbitrarily
[2015.11.20-00.39.32:718][ 58]LogActor:Warning: GameNetworkManager /Game/UEDPIE_0_mapateste.mapateste:PersistentLevel.GameNetworkManager_8 has natively added scene component(s), but none of them were set as the actor's RootComponent - picking one arbitrarily
[2015.11.20-00.39.32:728][ 58]LogWorld: Bringing up level for play took: 0.069498
[2015.11.20-00.39.32:731][ 58]PIE: Info Play in editor start time for /Game/UEDPIE_0_mapateste 0.679
[2015.11.20-00.42.00:308][557]LogParticles: Destroying 0 GPU particle simulations for FXSystem 0x000000836E9D3E20
[2015.11.20-00.42.02:121][596]LogActorComponent: UnregisterComponent: (/Engine/Transient.CharMoveComp) Not registered. Aborting.
[2015.11.20-00.42.04:093][596]Cmd: OBJ SAVEPACKAGE PACKAGE="/Game/mapateste" FILE="../../../../../../Users/Felipe/Documents/Unreal Projects/blocagemv2/Content/mapateste.umap" SILENT=true AUTOSAVING=false KEEPDIRTY=false
[2015.11.20-00.42.04:845][596]LogSavePackage: Save=645.932068ms
[2015.11.20-00.42.04:845][596]LogSavePackage: Moving '../../../../../../Users/Felipe/Documents/Unreal Projects/blocagemv2/Saved/mapateste67FBC51F43BBAAC0B69926A31D562ABA.tmp' to '../../../../../../Users/Felipe/Documents/Unreal Projects/blocagemv2/Content/mapateste.umap'
[2015.11.20-00.42.04:882][596]LogSavePackage: Total save time: 696.287528ms
[2015.11.20-00.42.04:882][596]LogSavePackage:Warning: Finished SavePackage ../../../../../../Users/Felipe/Documents/Unreal Projects/blocagemv2/Content/mapateste.umap
[2015.11.20-00.42.04:927][596]LogFileHelpers: Saving map 'mapateste' took 1.221
[2015.11.20-00.42.05:149][596]LogSavePackage: Save=136.065170ms
[2015.11.20-00.42.05:149][596]LogSavePackage: Moving '../../../../../../Users/Felipe/Documents/Unreal Projects/blocagemv2/Saved/ThirdPersonCharacterF35A64894FD2E3EEA66E858BFC2BDF60.tmp' to '../../../../../../Users/Felipe/Documents/Unreal Projects/blocagemv2/Content/ThirdPersonBP/Blueprints/ThirdPersonCharacter.uasset'
[2015.11.20-00.42.05:152][596]LogSavePackage: Total save time: 150.021311ms
[2015.11.20-00.42.05:152][596]LogSavePackage:Warning: Finished SavePackage ../../../../../../Users/Felipe/Documents/Unreal Projects/blocagemv2/Content/ThirdPersonBP/Blueprints/ThirdPersonCharacter.uasset
[2015.11.20-00.42.18:180][825]Cmd: SELECT NONE
[2015.11.20-00.42.23:823][969]Cmd: OBJ SAVEPACKAGE PACKAGE="/Game/mapateste" FILE="../../../../../../Users/Felipe/Documents/Unreal Projects/blocagemv2/Content/mapateste.umap" SILENT=true AUTOSAVING=false KEEPDIRTY=false
[2015.11.20-00.42.23:825][969]LogActorComponent: UnregisterComponent: (/Engine/Transient.CharMoveComp) Not registered. Aborting.
[2015.11.20-00.42.24:400][969]LogSavePackage: Save=499.888794ms
[2015.11.20-00.42.24:400][969]LogSavePackage: Moving '../../../../../../Users/Felipe/Documents/Unreal Projects/blocagemv2/Saved/mapatesteBDFA177C4C454856B02286A8A12999C9.tmp' to '../../../../../../Users/Felipe/Documents/Unreal Projects/blocagemv2/Content/mapateste.umap'
[2015.11.20-00.42.24:403][969]LogSavePackage: Total save time: 506.543618ms
[2015.11.20-00.42.24:403][969]LogSavePackage:Warning: Finished SavePackage ../../../../../../Users/Felipe/Documents/Unreal Projects/blocagemv2/Content/mapateste.umap
[2015.11.20-00.48.17:899][144]LogSavePackage: Save=146.956131ms
[2015.11.20-00.48.17:899][144]LogSavePackage: Moving '../../../../../../Users/Felipe/Documents/Unreal Projects/blocagemv2/Saved/ThirdPersonCharacterEC7837F549B6B04C00657C9CB7ED5607.tmp' to '../../../../../../Users/Felipe/Documents/Unreal Projects/blocagemv2/Content/ThirdPersonBP/Blueprints/ThirdPersonCharacter.uasset'
[2015.11.20-00.48.17:901][144]LogSavePackage: Total save time: 153.720934ms
[2015.11.20-00.48.17:901][144]LogSavePackage:Warning: Finished SavePackage ../../../../../../Users/Felipe/Documents/Unreal Projects/blocagemv2/Content/ThirdPersonBP/Blueprints/ThirdPersonCharacter.uasset
[2015.11.20-00.48.26:206][353]LogActorComponent: UnregisterComponent: (/Engine/Transient.CharMoveComp) Not registered. Aborting.
[2015.11.20-00.48.26:270][353]LogParticles: Destroying 0 GPU particle simulations for FXSystem 0x000000830A3B8900
[2015.11.20-00.48.26:486][353]LogWindowsTextInputMethodSystem:Display: IME system now deactivated.
[2015.11.20-00.48.26:934][354]Cmd: QUIT_EDITOR
[2015.11.20-00.48.27:578][354]LogExit: Preparing to exit.
[2015.11.20-00.48.29:130][354]LogExit: Editor shut down
[2015.11.20-00.48.29:130][354]LogExit: Transaction tracking system shut down
[2015.11.20-00.48.29:132][354]LogParticles: Destroying 0 GPU particle simulations for FXSystem 0x00000083041C6840
[2015.11.20-00.48.29:183][354]LogParticles: Destroying 0 GPU particle simulations for FXSystem 0x00000083703F5800
[2015.11.20-00.48.29:184][354]LogParticles: Destroying 0 GPU particle simulations for FXSystem 0x000000830A3B8400
[2015.11.20-00.48.29:186][354]LogParticles: Destroying 0 GPU particle simulations for FXSystem 0x000000830CCD5440
[2015.11.20-00.48.29:200][354]LogParticles: Destroying 0 GPU particle simulations for FXSystem 0x000000830BB69A80
[2015.11.20-00.48.29:200][354]LogParticles: Destroying 0 GPU particle simulations for FXSystem 0x00000083366D2B60
[2015.11.20-00.48.30:283][354]LogParticles: Destroying 0 GPU particle simulations for FXSystem 0x00000083302382C0
[2015.11.20-00.48.30:283][354]LogExit: Object subsystem successfully closed.
[2015.11.20-00.48.30:500][354]LogD3D11RHI: Shutdown
[2015.11.20-00.48.30:500][354]LogD3D11RHI: CleanupD3DDevice
[2015.11.20-00.48.30:697][354]LogD3D11RHI: ~FD3D11DynamicRHI
[2015.11.20-00.48.31:852][354]LogModuleManager: Shutting down and abandoning module BlueprintGraph (198)
[2015.11.20-00.48.31:852][354]LogModuleManager: Shutting down and abandoning module CrashTracker (197)
[2015.11.20-00.48.31:852][354]LogModuleManager: Shutting down and abandoning module SceneOutliner (196)
[2015.11.20-00.48.31:852][354]LogModuleManager: Shutting down and abandoning module SuperSearch (195)
[2015.11.20-00.48.31:852][354]LogModuleManager: Shutting down and abandoning module WidgetCarousel (194)
[2015.11.20-00.48.31:852][354]LogModuleManager: Shutting down and abandoning module AddContentDialog (193)
[2015.11.20-00.48.31:868][354]LogModuleManager: Shutting down and abandoning module EditorWidgets (192)
[2015.11.20-00.48.31:868][354]LogModuleManager: Shutting down and abandoning module CollectionManager (191)
[2015.11.20-00.48.31:879][354]LogModuleManager: Shutting down and abandoning module StatsViewer (190)
[2015.11.20-00.48.31:900][354]LogModuleManager: Shutting down and abandoning module FoliageEdit (189)
[2015.11.20-00.48.31:900][354]LogModuleManager: Shutting down and abandoning module LandscapeEditor (188)
[2015.11.20-00.48.31:911][354]LogModuleManager: Shutting down and abandoning module ActorPickerMode (187)
[2015.11.20-00.48.31:911][354]LogModuleManager: Shutting down and abandoning module GeometryMode (186)
[2015.11.20-00.48.31:911][354]LogModuleManager: Shutting down and abandoning module TextureAlignMode (185)
[2015.11.20-00.48.31:911][354]LogModuleManager: Shutting down and abandoning module BspMode (184)
[2015.11.20-00.48.31:911][354]LogModuleManager: Shutting down and abandoning module PlacementMode (183)
[2015.11.20-00.48.31:911][354]LogModuleManager: Shutting down and abandoning module AutomationWorker (182)
[2015.11.20-00.48.31:920][354]LogModuleManager: Shutting down and abandoning module CharacterAI (181)
[2015.11.20-00.48.31:920][354]LogModuleManager: Shutting down and abandoning module SmartSnapping (180)
[2015.11.20-00.48.31:920][354]LogModuleManager: Shutting down and abandoning module ViewportSnapping (179)
[2015.11.20-00.48.31:920][354]LogModuleManager: Shutting down and abandoning module LogVisualizer (178)
[2015.11.20-00.48.31:938][354]LogModuleManager: Shutting down and abandoning module GameProjectGeneration (177)
[2015.11.20-00.48.31:945][354]LogModuleManager: Shutting down and abandoning module IntroTutorials (176)
[2015.11.20-00.48.31:965][354]LogModuleManager: Shutting down and abandoning module EditorLiveStreaming (175)
[2015.11.20-00.48.31:965][354]LogModuleManager: Shutting down and abandoning module IOSPlatformEditor (174)
[2015.11.20-00.48.31:985][354]LogModuleManager: Shutting down and abandoning module HTML5PlatformEditor (173)
[2015.11.20-00.48.31:985][354]LogModuleManager: Shutting down and abandoning module AndroidDeviceDetection (172)
[2015.11.20-00.48.32:871][354]LogModuleManager: Shutting down and abandoning module AndroidPlatformEditor (171)
[2015.11.20-00.48.32:871][354]LogModuleManager: Shutting down and abandoning module IOSRuntimeSettings (170)
[2015.11.20-00.48.32:871][354]LogModuleManager: Shutting down and abandoning module AndroidRuntimeSettings (169)
[2015.11.20-00.48.32:871][354]LogModuleManager: Shutting down and abandoning module MergeActors (168)
[2015.11.20-00.48.32:883][354]LogModuleManager: Shutting down and abandoning module SizeMap (167)
[2015.11.20-00.48.32:883][354]LogModuleManager: Shutting down and abandoning module TreeMap (166)
[2015.11.20-00.48.32:893][354]LogModuleManager: Shutting down and abandoning module ReferenceViewer (165)
[2015.11.20-00.48.32:893][354]LogModuleManager: Shutting down and abandoning module LocalizationService (164)
[2015.11.20-00.48.32:910][354]LogModuleManager: Shutting down and abandoning module LocalizationDashboard (163)
[2015.11.20-00.48.32:924][354]LogModuleManager: Shutting down and abandoning module HardwareTargeting (162)
[2015.11.20-00.48.32:924][354]LogModuleManager: Shutting down and abandoning module DeviceProfileEditor (161)
[2015.11.20-00.48.32:924][354]LogModuleManager: Shutting down and abandoning module UndoHistory (160)
[2015.11.20-00.48.32:936][354]LogModuleManager: Shutting down and abandoning module GameplayTagsEditor (159)
[2015.11.20-00.48.32:936][354]LogModuleManager: Shutting down and abandoning module UserFeedback (158)
[2015.11.20-00.48.32:936][354]LogModuleManager: Shutting down and abandoning module XmlParser (157)
[2015.11.20-00.48.32:946][354]LogModuleManager: Shutting down and abandoning module Blutility (156)
[2015.11.20-00.48.32:946][354]LogModuleManager: Shutting down and abandoning module ProjectTargetPlatformEditor (155)
[2015.11.20-00.48.32:964][354]LogModuleManager: Shutting down and abandoning module ProjectSettingsViewer (154)
[2015.11.20-00.48.32:966][354]LogModuleManager: Shutting down and abandoning module InputBindingEditor (153)
[2015.11.20-00.48.32:993][354]LogModuleManager: Shutting down and abandoning module EditorSettingsViewer (152)
[2015.11.20-00.48.32:993][354]LogModuleManager: Shutting down and abandoning module SettingsEditor (151)
[2015.11.20-00.48.33:005][354]LogModuleManager: Shutting down and abandoning module ProjectLauncher (150)
[2015.11.20-00.48.33:045][354]LogModuleManager: Shutting down and abandoning module SessionFrontend (149)
[2015.11.20-00.48.33:057][354]LogModuleManager: Shutting down and abandoning module ProfilerClient (148)
[2015.11.20-00.48.33:068][354]LogModuleManager: Shutting down and abandoning module TargetDeviceServices (147)
[2015.11.20-00.48.33:084][354]LogModuleManager: Shutting down and abandoning module DeviceManager (146)
[2015.11.20-00.48.33:094][354]LogModuleManager: Shutting down and abandoning module AutomationController (145)
[2015.11.20-00.48.33:095][354]LogModuleManager: Shutting down and abandoning module AutomationWindow (144)
[2015.11.20-00.48.33:104][354]LogModuleManager: Shutting down and abandoning module Layers (143)
[2015.11.20-00.48.33:151][354]LogModuleManager: Shutting down and abandoning module ComponentVisualizers (142)
[2015.11.20-00.48.33:151][354]LogModuleManager: Shutting down and abandoning module DetailCustomizations (141)
[2015.11.20-00.48.33:164][354]LogModuleManager: Shutting down and abandoning module PackagesDialog (140)
[2015.11.20-00.48.33:164][354]LogModuleManager: Shutting down and abandoning module Persona (139)
[2015.11.20-00.48.33:186][354]LogModuleManager: Shutting down and abandoning module Kismet (138)
[2015.11.20-00.48.33:191][354]LogModuleManager: Shutting down and abandoning module GraphEditor (137)
[2015.11.20-00.48.33:191][354]LogModuleManager: Shutting down and abandoning module ClassViewer (136)
[2015.11.20-00.48.33:200][354]LogModuleManager: Shutting down and abandoning module Toolbox (135)
[2015.11.20-00.48.33:200][354]LogModuleManager: Shutting down and abandoning module ModuleUI (134)
[2015.11.20-00.48.33:204][354]LogModuleManager: Shutting down and abandoning module MovieSceneTools (133)
[2015.11.20-00.48.33:204][354]LogModuleManager: Shutting down and abandoning module OutputLog (132)
[2015.11.20-00.48.33:214][354]LogModuleManager: Shutting down and abandoning module GammaUI (131)
[2015.11.20-00.48.33:220][354]LogModuleManager: Shutting down and abandoning module Documentation (130)
[2015.11.20-00.48.33:220][354]LogModuleManager: Shutting down and abandoning module GameLiveStreaming (129)
[2015.11.20-00.48.33:227][354]LogModuleManager: Shutting down and abandoning module StreamingPauseRendering (128)
[2015.11.20-00.48.33:245][354]LogModuleManager: Shutting down and abandoning module AnalyticsET (127)
[2015.11.20-00.48.33:245][354]LogModuleManager: Shutting down and abandoning module Analytics (126)
[2015.11.20-00.48.33:245][354]LogModuleManager: Shutting down and abandoning module AITestSuite (125)
[2015.11.20-00.48.33:262][354]LogModuleManager: Shutting down and abandoning module GameplayDebugger (124)
[2015.11.20-00.48.33:262][354]LogModuleManager: Shutting down and abandoning module AIModule (123)
[2015.11.20-00.48.33:262][354]LogModuleManager: Shutting down and abandoning module ProfilerService (122)
[2015.11.20-00.48.33:519][354]LogModuleManager: Shutting down and abandoning module TaskGraph (121)
[2015.11.20-00.48.33:524][354]LogModuleManager: Shutting down and abandoning module SlateRemote (120)
[2015.11.20-00.48.33:524][354]LogModuleManager: Shutting down and abandoning module SteamVRController (119)
[2015.11.20-00.48.33:524][354]LogModuleManager: Shutting down and abandoning module SteamVR (118)
[2015.11.20-00.48.33:525][354]LogModuleManager: Shutting down and abandoning module ProceduralMeshComponent (117)
[2015.11.20-00.48.33:525][354]LogModuleManager: Shutting down and abandoning module OculusRift (116)
[2015.11.20-00.48.33:525][354]LogModuleManager: Shutting down and abandoning module OculusLibrary (115)
[2015.11.20-00.48.33:525][354]LogModuleManager: Shutting down and abandoning module LeapMotionController (114)
[2015.11.20-00.48.33:632][354]LogModuleManager: Shutting down and abandoning module CustomMeshComponent (113)
[2015.11.20-00.48.33:642][354]LogModuleManager: Shutting down and abandoning module CableComponent (112)
[2015.11.20-00.48.33:642][354]LogModuleManager: Shutting down and abandoning module ArchVisCharacter (111)
[2015.11.20-00.48.33:642][354]LogModuleManager: Shutting down and abandoning module MessagingDebugger (110)
[2015.11.20-00.48.33:710][354]LogModuleManager: Shutting down and abandoning module MediaPlayerEditor (109)
[2015.11.20-00.48.33:733][354]LogModuleManager: Shutting down and abandoning module HTML5Networking (108)
[2015.11.20-00.48.33:733][354]LogModuleManager: Shutting down and abandoning module SpeedTreeImporter (107)
[2015.11.20-00.48.33:733][354]LogModuleManager: Shutting down and abandoning module PluginBrowser (106)
[2015.11.20-00.48.33:737][354]LogModuleManager: Shutting down and abandoning module EpicSurvey (105)
[2015.11.20-00.48.33:737][354]LogModuleManager: Shutting down and abandoning module DesktopPlatform (104)
[2015.11.20-00.48.33:755][354]LogModuleManager: Shutting down and abandoning module VisualStudioSourceCodeAccess (103)
[2015.11.20-00.48.33:782][354]LogModuleManager: Shutting down and abandoning module UObjectPlugin (102)
[2015.11.20-00.48.33:785][354]LogModuleManager: Shutting down and abandoning module SubversionSourceControl (101)
[2015.11.20-00.48.33:796][354]LogModuleManager: Shutting down and abandoning module PerforceSourceControl (100)
[2015.11.20-00.48.33:812][354]LogModuleManager: Shutting down and abandoning module SourceControl (99)
[2015.11.20-00.48.33:819][354]LogModuleManager: Shutting down and abandoning module GitSourceControl (98)
[2015.11.20-00.48.33:829][354]LogModuleManager: Shutting down and abandoning module LightPropagationVolumeEditor (97)
[2015.11.20-00.48.33:829][354]LogModuleManager: Shutting down and abandoning module PaperTiledImporter (96)
[2015.11.20-00.48.33:841][354]LogModuleManager: Shutting down and abandoning module PaperSpriteSheetImporter (95)
[2015.11.20-00.48.33:847][354]LogModuleManager: Shutting down and abandoning module MeshPaint (94)
[2015.11.20-00.48.33:852][354]LogModuleManager: Shutting down and abandoning module SlateReflector (93)
[2015.11.20-00.48.33:862][354]LogModuleManager: Shutting down and abandoning module HotReload (92)
[2015.11.20-00.48.33:869][354]LogModuleManager: Shutting down and abandoning module MainFrame (91)
[2015.11.20-00.48.33:869][354]LogModuleManager: Shutting down and abandoning module LevelEditor (90)
[2015.11.20-00.48.33:879][354]LogModuleManager: Shutting down and abandoning module DirectoryWatcher (89)
[2015.11.20-00.48.33:892][354]LogModuleManager: Shutting down and abandoning module AssetRegistry (88)
[2015.11.20-00.48.34:104][354]LogModuleManager: Shutting down and abandoning module ContentBrowser (87)
[2015.11.20-00.48.34:106][354]LogModuleManager: Shutting down and abandoning module Paper2DEditor (86)
[2015.11.20-00.48.34:120][354]LogModuleManager: Shutting down and abandoning module UdpMessaging (85)
[2015.11.20-00.48.34:221][354]LogModuleManager: Shutting down and abandoning module LightPropagationVolumeRuntime (84)
[2015.11.20-00.48.34:221][354]LogModuleManager: Shutting down and abandoning module Paper2D (83)
[2015.11.20-00.48.34:235][354]LogModuleManager: Shutting down and abandoning module WindowsMoviePlayer (82)
[2015.11.20-00.48.34:255][354]LogModuleManager: Shutting down and abandoning module Media (81)
[2015.11.20-00.48.34:255][354]LogModuleManager: Shutting down and abandoning module WmfMedia (80)
[2015.11.20-00.48.34:282][354]LogModuleManager: Shutting down and abandoning module OnlineBlueprintSupport (79)
[2015.11.20-00.48.34:282][354]LogModuleManager: Shutting down and abandoning module GameplayTasksEditor (78)
[2015.11.20-00.48.34:282][354]LogModuleManager: Shutting down and abandoning module PropertyEditor (77)
[2015.11.20-00.48.34:282][354]LogModuleManager: Shutting down and abandoning module BehaviorTreeEditor (76)
[2015.11.20-00.48.34:301][354]LogModuleManager: Shutting down and abandoning module FunctionalTesting (75)
[2015.11.20-00.48.34:301][354]LogModuleManager: Shutting down and abandoning module CollisionAnalyzer (74)
[2015.11.20-00.48.34:307][354]LogModuleManager: Shutting down and abandoning module WorkspaceMenuStructure (73)
[2015.11.20-00.48.34:307][354]LogModuleManager: Shutting down and abandoning module MessageLog (72)
[2015.11.20-00.48.34:307][354]LogModuleManager: Shutting down and abandoning module Sequencer (71)
[2015.11.20-00.48.34:317][354]LogModuleManager: Shutting down and abandoning module AssetTools (70)
[2015.11.20-00.48.34:335][354]LogModuleManager: Shutting down and abandoning module UMGEditor (69)
[2015.11.20-00.48.34:350][354]LogModuleManager: Shutting down and abandoning module UMG (68)
[2015.11.20-00.48.34:356][354]LogModuleManager: Shutting down and abandoning module Slate (67)
[2015.11.20-00.48.34:356][354]LogModuleManager: Shutting down and abandoning module EditorStyle (66)
[2015.11.20-00.48.34:360][354]LogModuleManager: Shutting down and abandoning module SessionServices (65)
[2015.11.20-00.48.34:360][354]LogModuleManager: Shutting down and abandoning module SourceCodeAccess (64)
[2015.11.20-00.48.34:360][354]LogModuleManager: Shutting down and abandoning module HeadMountedDisplay (63)
[2015.11.20-00.48.34:360][354]LogModuleManager: Shutting down and abandoning module XAudio2 (62)
[2015.11.20-00.48.34:360][354]LogModuleManager: Shutting down and abandoning module Networking (60)
[2015.11.20-00.48.34:360][354]LogModuleManager: Shutting down and abandoning module Core (59)
[2015.11.20-00.48.34:360][354]LogModuleManager: Shutting down and abandoning module KismetCompiler (58)
[2015.11.20-00.48.34:360][354]LogModuleManager: Shutting down and abandoning module PhysXFormats (57)
[2015.11.20-00.48.34:366][354]LogModuleManager: Shutting down and abandoning module MeshUtilities (56)
[2015.11.20-00.48.34:388][354]LogModuleManager: Shutting down and abandoning module CookingStats (55)
[2015.11.20-00.48.34:403][354]LogModuleManager: Shutting down and abandoning module DerivedDataCache (54)
[2015.11.20-00.48.34:420][354]LogDerivedDataCache: Shutdown
[2015.11.20-00.48.34:420][354]LogModuleManager: Shutting down and abandoning module ShaderFormatOpenGL (53)
[2015.11.20-00.48.34:433][354]LogModuleManager: Shutting down and abandoning module ShaderFormatD3D (52)
[2015.11.20-00.48.34:441][354]LogModuleManager: Shutting down and abandoning module MetalShaderFormat (51)
[2015.11.20-00.48.34:446][354]LogModuleManager: Shutting down and abandoning module TextureFormatUncompressed (50)
[2015.11.20-00.48.34:446][354]LogModuleManager: Shutting down and abandoning module TextureFormatPVR (49)
[2015.11.20-00.48.34:455][354]LogModuleManager: Shutting down and abandoning module TextureFormatIntelISPCTexComp (48)
[2015.11.20-00.48.34:460][354]LogModuleManager: Shutting down and abandoning module TextureFormatDXT (47)
[2015.11.20-00.48.34:461][354]LogModuleManager: Shutting down and abandoning module ImageWrapper (46)
[2015.11.20-00.48.34:461][354]LogModuleManager: Shutting down and abandoning module TextureFormatASTC (45)
[2015.11.20-00.48.34:461][354]LogModuleManager: Shutting down and abandoning module TextureFormatAndroid (44)
[2015.11.20-00.48.34:461][354]LogModuleManager: Shutting down and abandoning module AudioFormatOpus (43)
[2015.11.20-00.48.34:467][354]LogModuleManager: Shutting down and abandoning module AudioFormatOgg (42)
[2015.11.20-00.48.34:473][354]LogModuleManager: Shutting down and abandoning module AudioFormatADPCM (41)
[2015.11.20-00.48.34:474][354]LogModuleManager: Shutting down and abandoning module LinuxTargetPlatform (40)
[2015.11.20-00.48.34:474][354]LogModuleManager: Shutting down and abandoning module LinuxServerTargetPlatform (39)
[2015.11.20-00.48.34:486][354]LogModuleManager: Shutting down and abandoning module LinuxNoEditorTargetPlatform (38)
[2015.11.20-00.48.34:488][354]LogModuleManager: Shutting down and abandoning module Messaging (37)
[2015.11.20-00.48.34:488][354]LogModuleManager: Shutting down and abandoning module IOSTargetPlatform (36)
[2015.11.20-00.48.34:488][354]LogModuleManager: Shutting down and abandoning module HTML5TargetPlatform (35)
[2015.11.20-00.48.34:488][354]LogModuleManager: Shutting down and abandoning module Android_PVRTCTargetPlatform (34)
[2015.11.20-00.48.34:496][354]LogModuleManager: Shutting down and abandoning module Android_ETC2TargetPlatform (33)
[2015.11.20-00.48.34:497][354]LogModuleManager: Shutting down and abandoning module Android_ETC1TargetPlatform (32)
[2015.11.20-00.48.34:502][354]LogModuleManager: Shutting down and abandoning module Android_DXTTargetPlatform (31)
[2015.11.20-00.48.34:503][354]LogModuleManager: Shutting down and abandoning module Android_ATCTargetPlatform (30)
[2015.11.20-00.48.34:503][354]LogModuleManager: Shutting down and abandoning module Android_ASTCTargetPlatform (29)
[2015.11.20-00.48.34:507][354]LogModuleManager: Shutting down and abandoning module AndroidTargetPlatform (28)
[2015.11.20-00.48.34:509][354]LogModuleManager: Shutting down and abandoning module WindowsTargetPlatform (27)
[2015.11.20-00.48.34:509][354]LogModuleManager: Shutting down and abandoning module WindowsServerTargetPlatform (26)
[2015.11.20-00.48.34:514][354]LogModuleManager: Shutting down and abandoning module WindowsNoEditorTargetPlatform (25)
[2015.11.20-00.48.34:515][354]LogModuleManager: Shutting down and abandoning module WindowsClientTargetPlatform (24)
[2015.11.20-00.48.34:516][354]LogModuleManager: Shutting down and abandoning module AllDesktopTargetPlatform (23)
[2015.11.20-00.48.34:524][354]LogModuleManager: Shutting down and abandoning module TargetPlatform (22)
[2015.11.20-00.48.34:524][354]LogModuleManager: Shutting down and abandoning module InputCore (21)
[2015.11.20-00.48.34:524][354]LogModuleManager: Shutting down and abandoning module Settings (20)
[2015.11.20-00.48.34:524][354]LogModuleManager: Shutting down and abandoning module OnlineSubsystem (18)
[2015.11.20-00.48.34:524][354]LogModuleManager: Shutting down and abandoning module HTTP (17)
[2015.11.20-00.48.36:529][354]LogModuleManager: Shutting down and abandoning module XMPP (16)
[2015.11.20-00.48.36:547][354]LogModuleManager: Shutting down and abandoning module ExampleDeviceProfileSelector (15)
[2015.11.20-00.48.36:547][354]LogModuleManager: Shutting down and abandoning module TextureCompressor (14)
[2015.11.20-00.48.36:547][354]LogModuleManager: Shutting down and abandoning module ShaderCore (13)
[2015.11.20-00.48.36:547][354]LogModuleManager: Shutting down and abandoning module Landscape (12)
[2015.11.20-00.48.36:547][354]LogModuleManager: Shutting down and abandoning module SlateRHIRenderer (11)
[2015.11.20-00.48.36:556][354]LogModuleManager: Shutting down and abandoning module OpenGLDrv (10)
[2015.11.20-00.48.36:559][354]LogModuleManager: Shutting down and abandoning module D3D11RHI (9)
[2015.11.20-00.48.36:559][354]LogModuleManager: Shutting down and abandoning module AnimGraphRuntime (8)
[2015.11.20-00.48.36:559][354]LogModuleManager: Shutting down and abandoning module Renderer (7)
[2015.11.20-00.48.36:559][354]LogModuleManager: Shutting down and abandoning module Engine (6)
[2015.11.20-00.48.36:559][354]LogModuleManager: Shutting down and abandoning module CoreUObject (5)
[2015.11.20-00.48.36:559][354]LogModuleManager: Shutting down and abandoning module NetworkFile (4)
[2015.11.20-00.48.36:567][354]LogModuleManager: Shutting down and abandoning module StreamingFile (3)
[2015.11.20-00.48.36:569][354]LogModuleManager: Shutting down and abandoning module SandboxFile (2)
[2015.11.20-00.48.36:573][354]LogModuleManager: Shutting down and abandoning module PakFile (1)
[2015.11.20-00.48.36:611][354]LogExit: Exiting.
[2015.11.20-00.48.36:618][354]Log file closed, 11/19/15 22:48:36
